TN:
SF:hooks\run-hook.js
FN:13,detectPlatform
FN:23,loadHooks
FN:34,findHook
FN:44,supportsPlatform
FN:55,withTimeout
FN:88,logForStrategy
FN:112,runHook
FNF:7
FNH:7
FNDA:2,detectPlatform
FNDA:20,loadHooks
FNDA:20,findHook
FNDA:21,supportsPlatform
FNDA:22,withTimeout
FNDA:17,logForStrategy
FNDA:18,runHook
DA:1,1
DA:2,1
DA:3,1
DA:4,1
DA:6,1
DA:7,1
DA:9,1
DA:10,1
DA:11,1
DA:12,1
DA:13,1
DA:14,2
DA:15,2
DA:16,2
DA:18,1
DA:19,1
DA:20,1
DA:21,1
DA:22,1
DA:23,1
DA:24,20
DA:25,20
DA:26,20
DA:28,1
DA:29,1
DA:30,1
DA:31,1
DA:32,1
DA:33,1
DA:34,1
DA:35,20
DA:36,20
DA:38,1
DA:39,1
DA:40,1
DA:41,1
DA:42,1
DA:43,1
DA:44,1
DA:45,21
DA:46,3
DA:47,3
DA:49,1
DA:50,1
DA:51,1
DA:52,1
DA:53,1
DA:54,1
DA:55,1
DA:56,22
DA:57,1
DA:58,1
DA:59,1
DA:60,1
DA:61,0
DA:62,0
DA:63,1
DA:65,21
DA:66,21
DA:67,21
DA:68,21
DA:69,21
DA:70,8
DA:71,21
DA:72,21
DA:73,4
DA:74,22
DA:75,17
DA:76,17
DA:77,17
DA:78,17
DA:79,17
DA:80,22
DA:81,21
DA:82,21
DA:83,22
DA:85,1
DA:86,1
DA:87,1
DA:88,17
DA:89,17
DA:90,17
DA:91,17
DA:92,3
DA:93,17
DA:94,9
DA:95,17
DA:96,17
DA:97,5
DA:98,17
DA:99,0
DA:100,17
DA:101,17
DA:103,1
DA:104,1
DA:105,1
DA:106,1
DA:107,1
DA:108,1
DA:109,1
DA:110,1
DA:111,1
DA:112,1
DA:113,18
DA:114,18
DA:115,18
DA:116,18
DA:118,18
DA:119,1
DA:120,1
DA:122,17
DA:123,18
DA:124,1
DA:125,1
DA:126,1
DA:127,1
DA:129,18
DA:130,18
DA:131,18
DA:133,18
DA:134,18
DA:135,18
DA:136,18
DA:137,18
DA:138,18
DA:139,18
DA:140,2
DA:141,2
DA:142,2
DA:144,18
DA:145,1
DA:146,1
DA:147,1
DA:149,13
DA:150,18
DA:152,18
DA:153,18
DA:154,5
DA:155,5
DA:156,5
DA:158,18
DA:160,18
DA:161,3
DA:162,3
DA:164,18
DA:165,2
DA:166,18
DA:167,13
DA:168,13
DA:169,18
DA:171,15
DA:172,15
DA:173,18
DA:174,2
DA:175,18
DA:176,4
DA:177,18
DA:178,18
DA:179,4
DA:180,18
DA:181,0
DA:182,18
DA:183,18
DA:185,1
DA:186,1
DA:187,1
DA:188,1
DA:189,1
DA:191,1
DA:192,0
DA:193,0
DA:194,0
DA:195,0
DA:196,0
DA:198,0
DA:200,0
DA:201,0
DA:202,0
DA:203,0
DA:205,0
DA:206,0
DA:207,0
DA:208,0
DA:209,0
LF:184
LH:165
BRDA:191,0,0,0
BRDA:13,1,0,2
BRDA:15,2,0,0
BRDA:23,3,0,20
BRDA:34,4,0,20
BRDA:35,5,0,2
BRDA:35,6,0,20
BRDA:44,7,0,21
BRDA:45,8,0,4
BRDA:45,9,0,18
BRDA:45,10,0,3
BRDA:55,11,0,22
BRDA:56,12,0,1
BRDA:60,13,0,0
BRDA:63,14,0,21
BRDA:72,15,0,4
BRDA:74,16,0,17
BRDA:80,17,0,0
BRDA:80,18,0,21
BRDA:69,19,0,8
BRDA:70,20,0,3
BRDA:88,21,0,17
BRDA:91,22,0,3
BRDA:93,23,0,9
BRDA:95,24,0,2
BRDA:96,25,0,5
BRDA:98,26,0,0
BRDA:92,27,0,3
BRDA:94,28,0,7
BRDA:97,29,0,14
BRDA:112,30,0,18
BRDA:113,31,0,0
BRDA:114,32,0,1
BRDA:118,33,0,1
BRDA:120,34,0,17
BRDA:123,35,0,1
BRDA:127,36,0,16
BRDA:129,37,0,0
BRDA:130,38,0,13
BRDA:138,39,0,12
BRDA:138,40,0,12
BRDA:139,41,0,2
BRDA:142,42,0,14
BRDA:144,43,0,1
BRDA:147,44,0,13
BRDA:150,45,0,3
BRDA:150,46,0,10
BRDA:152,47,0,18
BRDA:153,48,0,5
BRDA:160,49,0,3
BRDA:162,50,0,15
BRDA:164,51,0,2
BRDA:166,52,0,13
BRDA:169,53,0,15
BRDA:173,54,0,2
BRDA:175,55,0,4
BRDA:177,56,0,2
BRDA:178,57,0,4
BRDA:180,58,0,0
BRDA:155,59,0,5
BRDA:158,60,0,18
BRF:61
BRH:53
end_of_record
TN:
SF:src\cli.js
FN:1,(empty-report)
FNF:1
FNH:0
FNDA:0,(empty-report)
DA:1,0
DA:2,0
DA:3,0
DA:4,0
DA:5,0
DA:7,0
DA:8,0
DA:10,0
DA:12,0
DA:13,0
DA:14,0
DA:15,0
DA:17,0
DA:18,0
DA:19,0
DA:20,0
DA:21,0
DA:22,0
DA:23,0
DA:24,0
DA:25,0
DA:26,0
DA:27,0
DA:29,0
DA:30,0
DA:31,0
DA:32,0
DA:33,0
DA:34,0
DA:35,0
DA:36,0
DA:37,0
DA:38,0
DA:39,0
DA:40,0
DA:41,0
DA:42,0
DA:43,0
DA:44,0
DA:45,0
DA:46,0
DA:47,0
DA:49,0
DA:50,0
DA:51,0
DA:52,0
DA:53,0
DA:54,0
DA:55,0
DA:56,0
DA:58,0
DA:59,0
DA:60,0
DA:61,0
DA:62,0
DA:63,0
DA:64,0
DA:65,0
DA:66,0
DA:67,0
DA:69,0
DA:70,0
DA:71,0
DA:72,0
DA:73,0
DA:74,0
DA:75,0
DA:76,0
DA:78,0
LF:69
LH:0
BRDA:1,0,0,0
BRF:1
BRH:0
end_of_record
TN:
SF:src\adapters\base.js
FN:11,get name
FN:15,get entryFilename
FN:19,_getAssetsDir
FN:23,readAsset
FN:27,generate
FN:31,getTargetFiles
FN:35,_transformContent
FN:39,_copyDirRecursive
FNF:8
FNH:6
FNDA:0,get name
FNDA:1,get entryFilename
FNDA:27,_getAssetsDir
FNDA:33,readAsset
FNDA:1,generate
FNDA:1,getTargetFiles
FNDA:0,_transformContent
FNDA:1296,_copyDirRecursive
DA:1,1
DA:2,1
DA:3,1
DA:4,1
DA:6,1
DA:7,1
DA:8,1
DA:10,1
DA:11,1
DA:12,0
DA:13,0
DA:15,1
DA:16,1
DA:17,1
DA:19,1
DA:20,27
DA:21,27
DA:23,1
DA:24,33
DA:25,33
DA:27,1
DA:28,1
DA:29,1
DA:31,1
DA:32,1
DA:33,1
DA:35,1
DA:36,0
DA:37,0
DA:39,1
DA:40,1296
DA:41,1296
DA:43,1296
DA:44,3375
DA:45,3375
DA:47,3375
DA:48,1107
DA:49,3375
DA:50,2268
DA:51,2268
DA:52,0
DA:53,2268
DA:54,2268
DA:55,2268
DA:56,2268
DA:57,0
DA:58,2268
DA:59,297
DA:60,297
DA:61,2268
DA:62,1971
DA:63,1971
DA:64,2268
DA:65,2268
DA:66,3375
DA:67,1296
DA:68,1
LF:57
LH:51
BRDA:15,0,0,1
BRDA:19,1,0,27
BRDA:23,2,0,33
BRDA:27,3,0,1
BRDA:31,4,0,1
BRDA:39,5,0,1296
BRDA:43,6,0,3375
BRDA:47,7,0,1107
BRDA:49,8,0,2268
BRDA:51,9,0,0
BRDA:56,10,0,0
BRDA:58,11,0,297
BRDA:61,12,0,1971
BRF:13
BRH:11
end_of_record
TN:
SF:src\adapters\claude-code.js
FN:7,get name
FN:11,get entryFilename
FN:15,getTargetFiles
FN:31,_transformContent
FN:35,generate
FN:68,_generateEntryMd
FNF:6
FNH:6
FNDA:2,get name
FNDA:1729,get entryFilename
FNDA:24,getTargetFiles
FNDA:1680,_transformContent
FNDA:20,generate
FNDA:20,_generateEntryMd
DA:1,1
DA:2,1
DA:3,1
DA:4,1
DA:6,1
DA:7,1
DA:8,2
DA:9,2
DA:11,1
DA:12,1729
DA:13,1729
DA:15,1
DA:16,24
DA:17,24
DA:18,24
DA:19,24
DA:20,24
DA:21,24
DA:22,24
DA:23,24
DA:24,24
DA:25,24
DA:26,24
DA:27,24
DA:28,24
DA:29,24
DA:31,1
DA:32,1680
DA:33,1680
DA:35,1
DA:36,20
DA:38,20
DA:39,20
DA:40,20
DA:41,100
DA:42,100
DA:43,100
DA:44,100
DA:46,20
DA:47,20
DA:48,40
DA:49,40
DA:50,40
DA:51,40
DA:53,20
DA:54,20
DA:55,20
DA:56,20
DA:57,20
DA:59,20
DA:60,20
DA:61,20
DA:63,20
DA:64,20
DA:65,20
DA:66,20
DA:68,1
DA:69,20
DA:70,20
DA:72,20
DA:74,20
DA:76,20
DA:77,20
DA:78,20
DA:80,20
DA:82,20
DA:83,20
DA:85,20
DA:87,20
DA:89,20
DA:90,20
DA:91,20
DA:92,20
DA:93,20
DA:94,20
DA:96,20
DA:98,20
DA:100,20
DA:102,20
DA:104,20
DA:105,20
DA:106,20
DA:107,20
DA:108,20
DA:109,20
DA:110,20
DA:111,20
DA:113,20
DA:115,20
DA:117,20
DA:118,20
DA:119,20
DA:121,20
DA:123,20
DA:124,20
DA:125,20
DA:126,1
LF:97
LH:97
BRDA:7,0,0,2
BRDA:11,1,0,1729
BRDA:15,2,0,24
BRDA:31,3,0,1680
BRDA:35,4,0,20
BRDA:40,5,0,100
BRDA:47,6,0,40
BRDA:68,7,0,20
BRF:8
BRH:8
end_of_record
TN:
SF:src\adapters\copilot.js
FN:7,get name
FN:11,get entryFilename
FN:15,getTargetFiles
FN:19,generate
FN:28,_buildContent
FNF:5
FNH:5
FNDA:2,get name
FNDA:6,get entryFilename
FNDA:7,getTargetFiles
FNDA:8,generate
FNDA:8,_buildContent
DA:1,1
DA:2,1
DA:3,1
DA:4,1
DA:6,1
DA:7,1
DA:8,2
DA:9,2
DA:11,1
DA:12,6
DA:13,6
DA:15,1
DA:16,7
DA:17,7
DA:19,1
DA:20,8
DA:21,8
DA:23,8
DA:24,8
DA:25,8
DA:26,8
DA:28,1
DA:29,8
DA:31,8
DA:33,8
DA:35,8
DA:36,8
DA:37,8
DA:38,8
DA:39,8
DA:41,8
DA:43,8
DA:44,8
DA:45,8
DA:46,8
DA:48,8
DA:50,8
DA:52,8
DA:53,8
DA:54,8
DA:56,8
DA:58,8
DA:59,8
DA:61,8
DA:62,8
DA:63,8
DA:64,8
DA:65,1
LF:48
LH:48
BRDA:7,0,0,2
BRDA:11,1,0,6
BRDA:15,2,0,7
BRDA:19,3,0,8
BRDA:28,4,0,8
BRF:5
BRH:5
end_of_record
TN:
SF:src\adapters\cursor.js
FN:7,get name
FN:11,get entryFilename
FN:15,getTargetFiles
FN:19,generate
FN:25,_buildContent
FN:67,_extractSection
FNF:6
FNH:6
FNDA:2,get name
FNDA:8,get entryFilename
FNDA:34,getTargetFiles
FNDA:32,generate
FNDA:32,_buildContent
FNDA:32,_extractSection
DA:1,1
DA:2,1
DA:3,1
DA:4,1
DA:6,1
DA:7,1
DA:8,2
DA:9,2
DA:11,1
DA:12,8
DA:13,8
DA:15,1
DA:16,34
DA:17,34
DA:19,1
DA:20,32
DA:21,32
DA:22,32
DA:23,32
DA:25,1
DA:26,32
DA:28,32
DA:30,32
DA:32,32
DA:34,32
DA:36,32
DA:37,32
DA:38,32
DA:39,32
DA:41,32
DA:42,32
DA:43,32
DA:44,32
DA:46,32
DA:47,32
DA:48,32
DA:49,32
DA:51,32
DA:52,32
DA:53,32
DA:55,32
DA:57,32
DA:58,32
DA:59,32
DA:60,32
DA:62,32
DA:63,32
DA:64,32
DA:65,32
DA:67,1
DA:68,32
DA:69,32
DA:70,32
DA:72,32
DA:73,32
DA:74,2144
DA:75,0
DA:76,0
DA:77,0
DA:78,2144
DA:79,32
DA:80,32
DA:81,1
LF:63
LH:60
BRDA:7,0,0,2
BRDA:11,1,0,8
BRDA:15,2,0,34
BRDA:19,3,0,32
BRDA:25,4,0,32
BRDA:67,5,0,32
BRDA:70,6,0,0
BRDA:73,7,0,2144
BRDA:74,8,0,0
BRDA:74,9,0,0
BRDA:69,10,0,1216
BRF:11
BRH:8
end_of_record
TN:
SF:src\adapters\opencode.js
FN:7,get name
FN:11,get entryFilename
FN:15,getTargetFiles
FN:30,_transformContent
FN:34,generate
FN:63,_generateEntryMd
FNF:6
FNH:6
FNDA:1,get name
FNDA:607,get entryFilename
FNDA:3,getTargetFiles
FNDA:588,_transformContent
FNDA:7,generate
FNDA:7,_generateEntryMd
DA:1,1
DA:2,1
DA:3,1
DA:4,1
DA:6,1
DA:7,1
DA:8,1
DA:9,1
DA:11,1
DA:12,607
DA:13,607
DA:15,1
DA:16,3
DA:17,3
DA:18,3
DA:19,3
DA:20,3
DA:21,3
DA:22,3
DA:23,3
DA:24,3
DA:25,3
DA:26,3
DA:27,3
DA:28,3
DA:30,1
DA:31,588
DA:32,588
DA:34,1
DA:35,7
DA:37,7
DA:38,7
DA:39,7
DA:40,35
DA:41,35
DA:42,35
DA:43,35
DA:45,7
DA:46,7
DA:47,14
DA:48,14
DA:49,14
DA:50,14
DA:52,7
DA:53,7
DA:54,7
DA:55,7
DA:56,7
DA:58,7
DA:59,7
DA:60,7
DA:61,7
DA:63,1
DA:64,7
DA:65,7
DA:67,7
DA:69,7
DA:71,7
DA:72,7
DA:73,7
DA:75,7
DA:77,7
DA:78,7
DA:80,7
DA:82,7
DA:84,7
DA:85,7
DA:86,7
DA:87,7
DA:88,7
DA:89,7
DA:91,7
DA:93,7
DA:95,7
DA:97,7
DA:99,7
DA:100,7
DA:101,7
DA:102,7
DA:103,7
DA:104,7
DA:105,7
DA:106,7
DA:108,7
DA:110,7
DA:112,7
DA:113,7
DA:114,7
DA:116,7
DA:118,7
DA:119,7
DA:120,7
DA:121,1
LF:93
LH:93
BRDA:7,0,0,1
BRDA:11,1,0,607
BRDA:15,2,0,3
BRDA:30,3,0,588
BRDA:34,4,0,7
BRDA:39,5,0,35
BRDA:46,6,0,14
BRDA:63,7,0,7
BRF:8
BRH:8
end_of_record
TN:
SF:src\adapters\registry.js
FN:17,getAdapter
FN:28,getEntryFilename
FN:32,listAdapters
FNF:3
FNH:3
FNDA:94,getAdapter
FNDA:5,getEntryFilename
FNDA:11,listAdapters
DA:1,1
DA:2,1
DA:3,1
DA:4,1
DA:5,1
DA:7,1
DA:8,1
DA:9,1
DA:10,1
DA:11,1
DA:12,1
DA:14,1
DA:15,1
DA:17,1
DA:18,94
DA:19,28
DA:20,28
DA:21,3
DA:22,3
DA:23,25
DA:24,25
DA:25,91
DA:26,91
DA:28,1
DA:29,5
DA:30,5
DA:32,1
DA:33,11
DA:34,11
LF:29
LH:29
BRDA:17,0,0,94
BRDA:18,1,0,28
BRDA:20,2,0,3
BRDA:22,3,0,25
BRDA:24,4,0,91
BRDA:28,5,0,5
BRDA:32,6,0,11
BRDA:33,7,0,44
BRF:8
BRH:8
end_of_record
TN:
SF:src\commands\doctor.js
FN:11,doctor
FN:88,countFiles
FNF:2
FNH:2
FNDA:2,doctor
FNDA:1,countFiles
DA:1,1
DA:2,1
DA:3,1
DA:4,1
DA:5,1
DA:6,1
DA:8,1
DA:9,1
DA:11,1
DA:12,2
DA:14,2
DA:16,2
DA:17,2
DA:19,2
DA:20,2
DA:21,2
DA:22,2
DA:23,12
DA:24,2
DA:26,2
DA:27,1
DA:29,1
DA:31,2
DA:32,11
DA:33,9
DA:34,9
DA:35,9
DA:37,2
DA:38,2
DA:39,11
DA:40,1
DA:41,1
DA:42,1
DA:43,1
DA:44,11
DA:46,1
DA:47,1
DA:49,11
DA:50,0
DA:51,11
DA:52,1
DA:53,1
DA:54,0
DA:55,0
DA:56,11
DA:58,1
DA:59,1
DA:60,1
DA:61,1
DA:62,1
DA:63,1
DA:64,1
DA:65,0
DA:66,0
DA:67,2
DA:68,0
DA:69,0
DA:71,1
DA:72,1
DA:73,2
DA:74,0
DA:75,0
DA:76,0
DA:77,0
DA:78,0
DA:80,1
DA:81,1
DA:83,2
DA:84,1
DA:85,1
DA:86,2
DA:88,1
DA:89,1
DA:90,1
DA:91,1
DA:92,1
DA:93,0
DA:94,0
DA:95,0
DA:96,1
DA:97,1
DA:98,1
LF:82
LH:67
BRDA:11,0,0,2
BRDA:16,1,0,0
BRDA:26,2,0,1
BRDA:31,3,0,11
BRDA:32,4,0,9
BRDA:35,5,0,2
BRDA:39,6,0,1
BRDA:44,7,0,0
BRDA:44,8,0,1
BRDA:49,9,0,0
BRDA:51,10,0,1
BRDA:53,11,0,0
BRDA:56,12,0,1
BRDA:64,13,0,0
BRDA:67,14,0,0
BRDA:69,15,0,1
BRDA:73,16,0,0
BRDA:78,17,0,1
BRDA:83,18,0,1
BRDA:22,19,0,12
BRDA:23,20,0,0
BRDA:88,21,0,1
BRDA:92,22,0,0
BRDA:96,23,0,0
BRF:24
BRH:14
end_of_record
TN:
SF:src\commands\init.js
FN:15,registerPluginClaude
FN:32,run
FN:51,init
FNF:3
FNH:2
FNDA:3,registerPluginClaude
FNDA:0,run
FNDA:7,init
DA:1,1
DA:2,1
DA:3,1
DA:4,1
DA:5,1
DA:6,1
DA:7,1
DA:9,1
DA:10,1
DA:12,1
DA:13,1
DA:14,1
DA:15,3
DA:16,3
DA:17,0
DA:18,0
DA:19,0
DA:20,0
DA:21,0
DA:22,0
DA:23,0
DA:24,0
DA:25,0
DA:26,0
DA:27,3
DA:29,0
DA:30,0
DA:32,0
DA:33,0
DA:34,0
DA:35,0
DA:36,0
DA:37,0
DA:38,0
DA:39,0
DA:40,0
DA:41,0
DA:42,0
DA:44,0
DA:45,0
DA:46,0
DA:48,0
DA:49,0
DA:51,1
DA:52,7
DA:54,7
DA:55,7
DA:57,7
DA:59,7
DA:60,7
DA:61,7
DA:63,7
DA:64,7
DA:66,7
DA:67,7
DA:68,0
DA:69,0
DA:70,0
DA:71,0
DA:72,0
DA:73,0
DA:74,0
DA:75,0
DA:76,0
DA:77,0
DA:79,6
DA:80,7
DA:81,1
DA:82,1
DA:83,1
DA:84,1
DA:85,1
DA:86,1
DA:87,1
DA:89,7
DA:90,0
DA:91,0
DA:92,0
DA:93,0
DA:94,0
DA:95,0
DA:97,5
DA:98,7
DA:99,1
DA:100,1
DA:101,1
DA:102,1
DA:103,1
DA:105,5
DA:106,5
DA:107,5
DA:109,5
DA:110,5
DA:112,5
DA:113,7
DA:114,3
DA:115,0
DA:116,0
DA:117,3
DA:119,5
DA:120,5
LF:101
LH:55
BRDA:15,0,0,3
BRDA:16,1,0,0
BRDA:27,2,0,0
BRDA:51,3,0,7
BRDA:67,4,0,0
BRDA:77,5,0,6
BRDA:80,6,0,2
BRDA:80,7,0,1
BRDA:87,8,0,5
BRDA:89,9,0,0
BRDA:95,10,0,5
BRDA:98,11,0,1
BRDA:98,12,0,1
BRDA:103,13,0,5
BRDA:113,14,0,3
BRDA:114,15,0,0
BRDA:117,16,0,5
BRDA:63,17,0,2
BRDA:64,18,0,2
BRDA:99,19,0,1
BRF:20
BRH:15
end_of_record
TN:
SF:src\commands\list.js
FN:8,list
FN:51,extractDescription
FNF:2
FNH:2
FNDA:3,list
FNDA:30,extractDescription
DA:1,1
DA:2,1
DA:3,1
DA:5,1
DA:6,1
DA:8,1
DA:9,3
DA:11,3
DA:12,2
DA:13,2
DA:14,2
DA:15,2
DA:16,2
DA:17,30
DA:18,30
DA:19,30
DA:20,30
DA:21,30
DA:22,30
DA:23,30
DA:24,30
DA:25,30
DA:26,30
DA:27,2
DA:28,0
DA:29,0
DA:30,2
DA:32,3
DA:33,2
DA:34,2
DA:35,2
DA:36,2
DA:37,2
DA:38,20
DA:39,10
DA:40,10
DA:41,10
DA:42,20
DA:43,2
DA:44,0
DA:45,0
DA:46,2
DA:48,3
DA:49,3
DA:51,30
DA:52,30
DA:53,30
DA:54,90
DA:55,30
DA:56,30
DA:57,90
DA:58,0
DA:59,0
DA:60,0
DA:61,0
DA:62,0
DA:63,0
DA:64,0
LF:58
LH:47
BRDA:8,0,0,3
BRDA:11,1,0,2
BRDA:11,2,0,2
BRDA:16,3,0,30
BRDA:24,4,0,0
BRDA:27,5,0,0
BRDA:32,6,0,2
BRDA:32,7,0,2
BRDA:37,8,0,20
BRDA:38,9,0,10
BRDA:43,10,0,0
BRDA:51,11,0,30
BRDA:53,12,0,90
BRDA:54,13,0,30
BRDA:57,14,0,0
BRF:15
BRH:11
end_of_record
TN:
SF:src\commands\uninstall.js
FN:1,(empty-report)
FNF:1
FNH:0
FNDA:0,(empty-report)
DA:1,0
DA:2,0
DA:3,0
DA:4,0
DA:5,0
DA:7,0
DA:8,0
DA:9,0
DA:10,0
DA:11,0
DA:12,0
DA:13,0
DA:14,0
DA:15,0
DA:16,0
DA:17,0
DA:18,0
DA:20,0
DA:21,0
DA:22,0
DA:24,0
DA:25,0
DA:26,0
DA:27,0
DA:28,0
DA:29,0
DA:30,0
DA:31,0
DA:32,0
DA:33,0
DA:34,0
DA:35,0
DA:36,0
DA:37,0
DA:38,0
DA:39,0
DA:41,0
DA:42,0
DA:43,0
DA:45,0
DA:46,0
DA:47,0
DA:48,0
DA:49,0
DA:50,0
DA:51,0
DA:52,0
DA:53,0
DA:54,0
DA:56,0
DA:57,0
DA:59,0
DA:60,0
DA:61,0
DA:62,0
DA:63,0
DA:64,0
DA:65,0
DA:66,0
DA:67,0
DA:68,0
DA:69,0
DA:71,0
DA:72,0
DA:73,0
DA:74,0
DA:75,0
DA:77,0
DA:78,0
DA:79,0
DA:80,0
DA:81,0
DA:82,0
DA:83,0
DA:84,0
DA:86,0
DA:87,0
DA:89,0
DA:90,0
DA:91,0
DA:92,0
DA:93,0
DA:94,0
DA:96,0
DA:97,0
DA:99,0
DA:100,0
DA:101,0
DA:102,0
DA:103,0
DA:104,0
DA:106,0
DA:107,0
DA:108,0
DA:109,0
DA:110,0
DA:111,0
DA:112,0
DA:113,0
DA:114,0
DA:115,0
DA:116,0
LF:102
LH:0
BRDA:1,0,0,0
BRF:1
BRH:0
end_of_record
TN:
SF:src\commands\update.js
FN:13,registerPluginClaude
FN:34,update
FN:121,detectInstalledTool
FN:137,extractUserCustom
FN:143,restoreUserCustom
FNF:5
FNH:4
FNDA:1,registerPluginClaude
FNDA:4,update
FNDA:0,detectInstalledTool
FNDA:2,extractUserCustom
FNDA:2,restoreUserCustom
DA:1,1
DA:2,1
DA:3,1
DA:4,1
DA:5,1
DA:6,1
DA:7,1
DA:8,1
DA:10,1
DA:11,1
DA:13,1
DA:14,1
DA:15,0
DA:16,0
DA:17,0
DA:18,0
DA:19,0
DA:20,0
DA:21,0
DA:22,0
DA:23,0
DA:24,0
DA:25,0
DA:26,0
DA:27,0
DA:28,0
DA:29,0
DA:30,0
DA:31,0
DA:32,1
DA:34,1
DA:35,4
DA:37,4
DA:38,4
DA:39,4
DA:40,0
DA:41,0
DA:42,0
DA:43,0
DA:44,0
DA:45,0
DA:46,0
DA:48,4
DA:49,4
DA:51,4
DA:53,4
DA:54,4
DA:55,4
DA:57,4
DA:58,1
DA:59,1
DA:60,1
DA:61,1
DA:62,1
DA:63,0
DA:64,0
DA:65,0
DA:67,3
DA:68,3
DA:69,4
DA:70,1
DA:71,1
DA:72,1
DA:74,2
DA:76,4
DA:77,0
DA:78,0
DA:79,0
DA:80,0
DA:81,0
DA:82,0
DA:83,0
DA:85,2
DA:86,2
DA:87,2
DA:88,2
DA:89,2
DA:90,2
DA:91,2
DA:92,2
DA:93,2
DA:94,2
DA:95,2
DA:97,2
DA:98,2
DA:100,2
DA:101,2
DA:102,2
DA:103,2
DA:104,2
DA:105,2
DA:106,1
DA:107,1
DA:108,2
DA:109,2
DA:111,2
DA:113,2
DA:114,4
DA:115,1
DA:116,1
DA:118,2
DA:119,2
DA:121,0
DA:122,0
DA:123,0
DA:124,0
DA:125,0
DA:126,0
DA:127,0
DA:128,0
DA:129,0
DA:130,0
DA:131,0
DA:132,0
DA:133,0
DA:135,1
DA:137,2
DA:138,2
DA:139,2
DA:140,1
DA:141,1
DA:143,2
DA:144,2
DA:145,1
DA:146,2
DA:147,1
DA:148,1
LF:127
LH:80
BRDA:13,0,0,1
BRDA:14,1,0,0
BRDA:34,2,0,4
BRDA:39,3,0,0
BRDA:57,4,0,1
BRDA:62,5,0,0
BRDA:65,6,0,3
BRDA:69,7,0,1
BRDA:72,8,0,2
BRDA:76,9,0,0
BRDA:83,10,0,2
BRDA:91,11,0,1
BRDA:105,12,0,1
BRDA:108,13,0,0
BRDA:114,14,0,1
BRDA:116,15,0,2
BRDA:55,16,0,3
BRDA:86,17,0,2
BRDA:137,18,0,2
BRDA:139,19,0,1
BRDA:143,20,0,2
BRDA:144,21,0,1
BRDA:146,22,0,0
BRDA:146,23,0,1
BRF:24
BRH:18
end_of_record
TN:
SF:src\core\installer.js
FN:19,snapshotFiles
FN:35,diffSnapshots
FN:52,registerPluginClaude
FN:64,run
FN:84,detectInstalledTool
FN:107,install
FNF:6
FNH:5
FNDA:88,snapshotFiles
FNDA:44,diffSnapshots
FNDA:13,registerPluginClaude
FNDA:0,run
FNDA:7,detectInstalledTool
FNDA:52,install
DA:1,1
DA:2,1
DA:3,1
DA:4,1
DA:5,1
DA:6,1
DA:7,1
DA:8,1
DA:9,1
DA:10,1
DA:12,1
DA:13,1
DA:15,1
DA:16,1
DA:17,1
DA:18,1
DA:19,88
DA:20,88
DA:21,88
DA:22,384
DA:23,384
DA:24,384
DA:25,384
DA:26,150
DA:27,150
DA:28,384
DA:29,88
DA:30,88
DA:32,1
DA:33,1
DA:34,1
DA:35,44
DA:36,44
DA:37,44
DA:38,44
DA:39,192
DA:40,192
DA:41,150
DA:42,192
DA:43,18
DA:44,18
DA:45,192
DA:46,44
DA:47,44
DA:49,1
DA:50,1
DA:51,1
DA:52,13
DA:53,13
DA:54,0
DA:55,0
DA:56,0
DA:57,0
DA:58,0
DA:59,0
DA:60,13
DA:62,0
DA:64,0
DA:65,0
DA:66,0
DA:67,0
DA:68,0
DA:69,0
DA:70,0
DA:71,0
DA:72,0
DA:73,0
DA:75,0
DA:76,0
DA:77,0
DA:78,0
DA:79,0
DA:81,1
DA:82,1
DA:83,1
DA:84,1
DA:85,7
DA:86,20
DA:87,20
DA:88,20
DA:89,6
DA:90,6
DA:91,6
DA:92,20
DA:93,2
DA:94,2
DA:96,1
DA:97,1
DA:98,1
DA:99,1
DA:100,1
DA:101,1
DA:102,1
DA:103,1
DA:104,1
DA:105,1
DA:106,1
DA:107,1
DA:108,52
DA:109,52
DA:110,52
DA:111,52
DA:112,52
DA:113,52
DA:114,52
DA:116,52
DA:117,52
DA:118,52
DA:119,52
DA:121,52
DA:122,52
DA:124,52
DA:125,52
DA:126,10
DA:127,0
DA:128,0
DA:129,0
DA:130,10
DA:131,10
DA:132,4
DA:133,4
DA:134,4
DA:135,6
DA:136,6
DA:138,48
DA:139,52
DA:140,7
DA:141,7
DA:142,3
DA:143,3
DA:144,3
DA:145,3
DA:146,7
DA:148,45
DA:149,52
DA:150,1
DA:151,1
DA:152,1
DA:153,1
DA:154,1
DA:156,44
DA:157,52
DA:158,0
DA:159,0
DA:160,0
DA:161,0
DA:162,0
DA:163,0
DA:164,0
DA:165,0
DA:166,0
DA:167,0
DA:168,0
DA:169,0
DA:170,0
DA:171,0
DA:173,44
DA:174,44
DA:175,52
DA:176,5
DA:177,5
DA:178,5
DA:179,5
DA:180,5
DA:181,5
DA:183,44
DA:184,44
DA:186,44
DA:187,44
DA:188,44
DA:190,44
DA:191,44
DA:192,44
DA:194,44
DA:195,44
DA:197,44
DA:198,44
DA:199,52
DA:200,13
DA:201,13
DA:202,13
DA:204,44
DA:205,44
DA:206,44
DA:208,44
DA:209,44
DA:210,44
DA:211,44
DA:212,44
DA:213,44
DA:214,44
DA:215,44
DA:216,44
DA:217,44
DA:218,44
DA:220,44
DA:221,44
DA:222,44
DA:223,44
DA:225,44
DA:226,44
LF:201
LH:162
BRDA:19,0,0,88
BRDA:21,1,0,384
BRDA:25,2,0,150
BRDA:35,3,0,44
BRDA:38,4,0,192
BRDA:40,5,0,150
BRDA:40,6,0,150
BRDA:42,7,0,42
BRDA:42,8,0,18
BRDA:52,9,0,13
BRDA:53,10,0,0
BRDA:60,11,0,0
BRDA:84,12,0,7
BRDA:85,13,0,20
BRDA:88,14,0,6
BRDA:90,15,0,5
BRDA:92,16,0,2
BRDA:107,17,0,52
BRDA:125,18,0,10
BRDA:126,19,0,0
BRDA:131,20,0,8
BRDA:131,21,0,4
BRDA:134,22,0,6
BRDA:136,23,0,48
BRDA:139,24,0,42
BRDA:139,25,0,7
BRDA:141,26,0,3
BRDA:142,27,0,0
BRDA:146,28,0,45
BRDA:149,29,0,6
BRDA:149,30,0,1
BRDA:154,31,0,44
BRDA:157,32,0,0
BRDA:171,33,0,44
BRDA:175,34,0,5
BRDA:181,35,0,44
BRDA:199,36,0,13
BRDA:201,37,0,0
BRDA:202,38,0,44
BRDA:121,39,0,26
BRDA:122,40,0,26
BRDA:176,41,0,8
BRF:42
BRH:36
end_of_record
TN:
SF:src\core\manifest.js
FN:7,getManifestPath
FN:11,readManifest
FN:21,writeManifest
FN:28,createManifest
FNF:4
FNH:4
FNDA:77,getManifestPath
FNDA:30,readManifest
FNDA:46,writeManifest
FNDA:48,createManifest
DA:1,1
DA:2,1
DA:4,1
DA:5,1
DA:7,1
DA:8,77
DA:9,77
DA:11,1
DA:12,30
DA:13,30
DA:14,28
DA:15,28
DA:16,30
DA:17,1
DA:18,1
DA:19,30
DA:21,1
DA:22,46
DA:23,46
DA:24,46
DA:25,46
DA:26,46
DA:28,1
DA:29,48
DA:30,48
DA:31,48
DA:32,48
DA:33,48
DA:34,48
DA:35,48
DA:36,48
DA:37,48
DA:38,48
DA:39,48
LF:34
LH:34
BRDA:7,0,0,77
BRDA:11,1,0,30
BRDA:13,2,0,2
BRDA:13,3,0,28
BRDA:16,4,0,1
BRDA:21,5,0,46
BRDA:28,6,0,48
BRDA:32,7,0,2
BRDA:33,8,0,3
BRDA:34,9,0,3
BRDA:35,10,0,3
BRDA:36,11,0,2
BRF:12
BRH:12
end_of_record
TN:
SF:src\core\schema-validator.js
FN:11,loadSchema
FN:26,extractVariables
FN:44,validateTemplate
FN:76,validateRawTemplate
FN:96,TODO_MARKER
FN:114,renderTemplate
FN:162,getTemplateDef
FN:170,listTemplateIds
FN:179,getAllVariables
FNF:9
FNH:9
FNDA:16,loadSchema
FNDA:8,extractVariables
FNDA:3,validateTemplate
FNDA:3,validateRawTemplate
FNDA:2,TODO_MARKER
FNDA:6,renderTemplate
FNDA:2,getTemplateDef
FNDA:1,listTemplateIds
FNDA:1,getAllVariables
DA:1,1
DA:2,1
DA:3,1
DA:5,1
DA:7,1
DA:9,1
DA:11,16
DA:12,16
DA:13,1
DA:14,1
DA:15,1
DA:16,1
DA:18,1
DA:20,1
DA:22,1
DA:23,1
DA:24,1
DA:25,1
DA:26,1
DA:27,8
DA:28,8
DA:29,8
DA:30,11
DA:31,11
DA:32,8
DA:33,8
DA:35,1
DA:37,1
DA:38,1
DA:39,1
DA:40,1
DA:41,1
DA:42,1
DA:43,1
DA:44,1
DA:45,3
DA:46,3
DA:47,3
DA:48,1
DA:49,1
DA:51,2
DA:52,2
DA:53,3
DA:54,3
DA:56,3
DA:57,3
DA:58,3
DA:60,3
DA:61,3
DA:62,3
DA:63,3
DA:64,3
DA:65,3
DA:66,3
DA:68,1
DA:69,1
DA:70,1
DA:71,1
DA:72,1
DA:73,1
DA:74,1
DA:75,1
DA:76,1
DA:77,3
DA:78,3
DA:79,3
DA:80,1
DA:81,1
DA:83,2
DA:84,3
DA:86,3
DA:88,3
DA:89,3
DA:90,3
DA:91,3
DA:92,3
DA:94,1
DA:96,1
DA:98,1
DA:99,1
DA:100,1
DA:101,1
DA:102,1
DA:103,1
DA:104,1
DA:105,1
DA:106,1
DA:107,1
DA:108,1
DA:109,1
DA:110,1
DA:111,1
DA:112,1
DA:113,1
DA:114,1
DA:115,6
DA:116,6
DA:117,6
DA:118,1
DA:119,1
DA:121,6
DA:122,6
DA:123,6
DA:124,6
DA:125,6
DA:127,6
DA:128,6
DA:129,6
DA:130,3
DA:131,3
DA:133,3
DA:134,6
DA:135,2
DA:136,2
DA:137,2
DA:139,6
DA:140,0
DA:141,0
DA:142,0
DA:144,1
DA:145,1
DA:146,1
DA:147,6
DA:149,6
DA:150,6
DA:151,2
DA:152,2
DA:154,5
DA:155,5
DA:157,1
DA:159,1
DA:160,1
DA:161,1
DA:162,1
DA:163,2
DA:164,2
DA:165,2
DA:167,1
DA:168,1
DA:169,1
DA:170,1
DA:171,1
DA:172,1
DA:173,1
DA:175,1
DA:176,1
DA:177,1
DA:178,1
DA:179,1
DA:180,1
DA:181,1
DA:182,1
DA:183,1
DA:184,4
DA:185,4
DA:186,4
DA:187,1
DA:188,1
LF:158
LH:155
BRDA:11,0,0,16
BRDA:12,1,0,15
BRDA:12,2,0,1
BRDA:26,3,0,8
BRDA:29,4,0,11
BRDA:44,5,0,3
BRDA:47,6,0,1
BRDA:49,7,0,2
BRDA:53,8,0,0
BRDA:46,9,0,6
BRDA:56,10,0,58
BRDA:58,11,0,2
BRDA:76,12,0,3
BRDA:79,13,0,1
BRDA:81,14,0,2
BRDA:84,15,0,0
BRDA:84,16,0,0
BRDA:78,17,0,6
BRDA:86,18,0,4
BRDA:96,19,0,2
BRDA:96,20,0,1
BRDA:114,21,0,6
BRDA:117,22,0,1
BRDA:119,23,0,5
BRDA:121,24,0,0
BRDA:122,25,0,0
BRDA:150,26,0,2
BRDA:152,27,0,5
BRDA:116,28,0,16
BRDA:128,29,0,6
BRDA:129,30,0,3
BRDA:129,31,0,3
BRDA:129,32,0,3
BRDA:134,33,0,2
BRDA:137,34,0,1
BRDA:139,35,0,0
BRDA:142,36,0,1
BRDA:162,37,0,2
BRDA:164,38,0,1
BRDA:164,39,0,5
BRDA:170,40,0,1
BRDA:172,41,0,4
BRDA:179,42,0,1
BRDA:183,43,0,4
BRDA:184,44,0,0
BRDA:184,45,0,54
BRDA:185,46,0,0
BRDA:185,47,0,0
BRF:48
BRH:39
end_of_record
TN:
SF:src\core\uninstaller.js
FN:11,fileHash
FN:23,listFilesRecursive
FN:43,expandFiles
FN:61,buildChecksumMap
FN:80,classifyFiles
FN:122,cleanupEmptyDirs
FN:142,unregisterPluginClaude
FN:143,run
FN:164,uninstall
FN:253,tryRmEmpty
FNF:10
FNH:10
FNDA:1633,fileHash
FNDA:590,listFilesRecursive
FNDA:48,expandFiles
FNDA:45,buildChecksumMap
FNDA:22,classifyFiles
FNDA:529,cleanupEmptyDirs
FNDA:6,unregisterPluginClaude
FNDA:12,run
FNDA:19,uninstall
FNDA:10,tryRmEmpty
DA:1,1
DA:2,1
DA:3,1
DA:4,1
DA:5,1
DA:7,1
DA:8,1
DA:9,1
DA:10,1
DA:11,1
DA:12,1633
DA:13,1633
DA:14,1633
DA:15,1633
DA:16,1
DA:17,1
DA:18,1633
DA:20,1
DA:21,1
DA:22,1
DA:23,590
DA:24,590
DA:25,590
DA:26,590
DA:27,590
DA:28,1514
DA:29,1514
DA:30,492
DA:31,1514
DA:32,1022
DA:33,1022
DA:34,1514
DA:35,590
DA:36,590
DA:37,590
DA:39,1
DA:40,1
DA:41,1
DA:42,1
DA:43,1
DA:44,48
DA:45,48
DA:46,173
DA:47,172
DA:48,173
DA:49,98
DA:50,146
DA:51,74
DA:52,74
DA:53,173
DA:54,48
DA:55,48
DA:57,1
DA:58,1
DA:59,1
DA:60,1
DA:61,1
DA:62,45
DA:63,45
DA:64,45
DA:65,1094
DA:66,1094
DA:67,1094
DA:68,1094
DA:69,45
DA:70,45
DA:72,1
DA:73,1
DA:74,1
DA:75,1
DA:76,1
DA:77,1
DA:78,1
DA:79,1
DA:80,1
DA:81,22
DA:82,22
DA:83,22
DA:85,22
DA:86,22
DA:88,22
DA:89,22
DA:90,1
DA:91,1
DA:92,1
DA:93,1
DA:94,1
DA:95,0
DA:96,0
DA:97,1
DA:98,1
DA:99,1
DA:101,22
DA:102,540
DA:103,540
DA:104,3
DA:105,3
DA:106,3
DA:107,537
DA:108,540
DA:109,532
DA:110,536
DA:111,5
DA:112,5
DA:113,540
DA:115,21
DA:116,21
DA:118,1
DA:119,1
DA:120,1
DA:121,1
DA:122,529
DA:123,529
DA:124,529
DA:125,793
DA:126,793
DA:127,793
DA:128,294
DA:129,294
DA:130,793
DA:131,499
DA:132,499
DA:133,793
DA:134,0
DA:135,0
DA:136,793
DA:137,529
DA:139,1
DA:140,1
DA:141,1
DA:142,6
DA:143,6
DA:144,12
DA:145,12
DA:146,12
DA:147,12
DA:148,12
DA:149,12
DA:150,6
DA:151,6
DA:152,6
DA:153,6
DA:155,1
DA:156,1
DA:157,1
DA:158,1
DA:159,1
DA:160,1
DA:161,1
DA:162,1
DA:163,1
DA:164,1
DA:165,19
DA:166,19
DA:168,19
DA:169,19
DA:170,19
DA:171,1
DA:172,1
DA:173,1
DA:174,1
DA:176,19
DA:177,1
DA:178,1
DA:179,1
DA:180,1
DA:182,17
DA:183,17
DA:185,17
DA:186,17
DA:188,17
DA:189,19
DA:190,1
DA:191,1
DA:193,1
DA:194,1
DA:195,1
DA:196,1
DA:197,1
DA:198,0
DA:199,0
DA:200,0
DA:201,1
DA:202,0
DA:203,0
DA:204,0
DA:205,1
DA:206,0
DA:207,0
DA:208,1
DA:209,0
DA:210,0
DA:211,0
DA:212,0
DA:213,1
DA:214,1
DA:215,1
DA:216,1
DA:218,16
DA:219,16
DA:220,16
DA:222,16
DA:223,19
DA:224,529
DA:225,529
DA:226,529
DA:227,529
DA:228,529
DA:229,529
DA:230,0
DA:231,0
DA:232,529
DA:234,16
DA:235,16
DA:236,16
DA:237,16
DA:238,16
DA:239,16
DA:240,16
DA:241,19
DA:242,0
DA:243,0
DA:245,16
DA:246,16
DA:247,16
DA:248,16
DA:249,16
DA:250,6
DA:251,16
DA:252,10
DA:253,10
DA:254,10
DA:255,10
DA:256,10
DA:257,0
DA:258,0
DA:259,0
DA:260,10
DA:261,10
DA:262,10
DA:263,10
DA:264,10
DA:265,16
DA:266,19
DA:268,16
DA:269,16
DA:270,19
DA:271,6
DA:272,6
DA:273,6
DA:274,6
DA:276,16
DA:277,16
DA:278,16
DA:280,19
DA:281,6
DA:282,6
DA:283,6
DA:284,2
DA:285,2
DA:286,2
DA:287,2
DA:288,2
DA:289,0
DA:290,0
DA:291,2
DA:293,6
DA:294,6
DA:295,6
DA:296,6
DA:297,6
DA:298,6
DA:299,6
DA:300,6
DA:301,6
DA:302,6
DA:303,6
DA:304,6
DA:305,6
DA:306,6
DA:307,6
DA:308,6
DA:309,6
DA:310,0
DA:311,0
DA:312,6
DA:313,6
DA:315,16
DA:316,16
DA:317,16
DA:318,16
DA:319,16
DA:320,16
DA:321,16
DA:322,16
DA:323,16
DA:324,16
DA:325,16
DA:327,16
DA:328,16
DA:330,19
DA:331,3
DA:332,3
DA:333,3
DA:335,16
DA:337,16
DA:338,16
LF:307
LH:280
BRDA:11,0,0,1633
BRDA:15,1,0,1
BRDA:23,2,0,590
BRDA:27,3,0,1514
BRDA:29,4,0,492
BRDA:31,5,0,1022
BRDA:35,6,0,0
BRDA:43,7,0,48
BRDA:45,8,0,173
BRDA:46,9,0,1
BRDA:46,10,0,172
BRDA:48,11,0,146
BRDA:48,12,0,98
BRDA:50,13,0,74
BRDA:61,14,0,45
BRDA:64,15,0,1094
BRDA:80,16,0,22
BRDA:85,17,0,1
BRDA:86,18,0,0
BRDA:86,19,0,0
BRDA:89,20,0,1
BRDA:94,21,0,0
BRDA:99,22,0,21
BRDA:101,23,0,540
BRDA:103,24,0,3
BRDA:106,25,0,537
BRDA:108,26,0,536
BRDA:108,27,0,532
BRDA:110,28,0,5
BRDA:113,29,0,21
BRDA:122,30,0,529
BRDA:124,31,0,793
BRDA:124,32,0,793
BRDA:127,33,0,294
BRDA:130,34,0,499
BRDA:133,35,0,0
BRDA:142,36,0,6
BRDA:143,37,0,12
BRDA:164,38,0,19
BRDA:170,39,0,1
BRDA:174,40,0,18
BRDA:176,41,0,1
BRDA:180,42,0,17
BRDA:189,43,0,1
BRDA:197,44,0,0
BRDA:201,45,0,0
BRDA:205,46,0,0
BRDA:208,47,0,0
BRDA:216,48,0,16
BRDA:223,49,0,529
BRDA:229,50,0,0
BRDA:232,51,0,16
BRDA:241,52,0,0
BRDA:243,53,0,16
BRDA:249,54,0,6
BRDA:251,55,0,10
BRDA:266,56,0,0
BRDA:266,57,0,16
BRDA:270,58,0,6
BRDA:274,59,0,16
BRDA:280,60,0,6
BRDA:283,61,0,2
BRDA:288,62,0,0
BRDA:309,63,0,0
BRDA:313,64,0,16
BRDA:330,65,0,3
BRDA:333,66,0,16
BRDA:253,67,0,10
BRDA:256,68,0,0
BRDA:261,69,0,0
BRF:70
BRH:54
end_of_record
TN:
SF:src\utils\backup.js
FN:7,createBackup
FN:29,cleanupBackups
FNF:2
FNH:2
FNDA:11,createBackup
FNDA:9,cleanupBackups
DA:1,1
DA:2,1
DA:4,1
DA:5,1
DA:7,1
DA:8,11
DA:9,11
DA:10,11
DA:12,11
DA:14,11
DA:15,14
DA:16,14
DA:17,14
DA:18,14
DA:19,14
DA:20,0
DA:21,14
DA:22,14
DA:23,14
DA:24,14
DA:26,11
DA:27,11
DA:29,1
DA:30,9
DA:32,9
DA:33,9
DA:34,9
DA:35,9
DA:36,9
DA:37,9
DA:38,9
DA:39,0
DA:40,0
DA:41,0
DA:43,9
DA:44,9
DA:45,2
DA:46,2
DA:47,9
LF:39
LH:35
BRDA:7,0,0,11
BRDA:14,1,0,14
BRDA:19,2,0,0
BRDA:29,3,0,9
BRDA:38,4,0,0
BRDA:44,5,0,2
BRDA:35,6,0,15
BRF:7
BRH:5
end_of_record
TN:
SF:src\utils\conflict.js
FN:5,detectConflicts
FN:27,ensureGitignore
FNF:2
FNH:2
FNDA:65,detectConflicts
FNDA:52,ensureGitignore
DA:1,1
DA:2,1
DA:3,1
DA:5,1
DA:6,65
DA:8,65
DA:9,293
DA:11,57
DA:12,277
DA:14,33
DA:15,33
DA:17,241
DA:18,21
DA:19,277
DA:20,12
DA:21,12
DA:22,293
DA:24,65
DA:25,65
DA:27,1
DA:28,52
DA:29,52
DA:31,52
DA:32,13
DA:33,13
DA:34,1
DA:35,52
DA:36,39
DA:37,39
DA:38,52
LF:30
LH:30
BRDA:5,0,0,65
BRDA:8,1,0,293
BRDA:9,2,0,236
BRDA:9,3,0,277
BRDA:9,4,0,57
BRDA:12,5,0,24
BRDA:12,6,0,241
BRDA:12,7,0,33
BRDA:17,8,0,21
BRDA:19,9,0,12
BRDA:27,10,0,52
BRDA:31,11,0,13
BRDA:33,12,0,12
BRDA:33,13,0,1
BRDA:35,14,0,39
BRF:15
BRH:15
end_of_record
TN:
SF:src\utils\version.js
FN:4,injectVersion
FN:11,parseVersion
FN:19,parseSemver
FN:24,compareSemver
FN:32,needsUpdate
FNF:5
FNH:5
FNDA:2040,injectVersion
FNDA:2311,parseVersion
FNDA:32,parseSemver
FNDA:16,compareSemver
FNDA:16,needsUpdate
DA:1,1
DA:2,1
DA:4,1
DA:5,2040
DA:6,2040
DA:7,2040
DA:8,2040
DA:9,2040
DA:11,1
DA:12,2311
DA:13,2311
DA:14,2301
DA:15,2310
DA:16,2282
DA:17,2282
DA:19,32
DA:20,32
DA:21,32
DA:22,32
DA:24,16
DA:25,16
DA:26,16
DA:27,16
DA:28,16
DA:29,7
DA:30,7
DA:32,1
DA:33,16
DA:34,16
DA:35,16
LF:30
LH:30
BRDA:4,0,0,2040
BRDA:6,1,0,1999
BRDA:7,2,0,41
BRDA:11,3,0,2311
BRDA:13,4,0,2310
BRDA:13,5,0,10
BRDA:13,6,0,2301
BRDA:15,7,0,2308
BRDA:15,8,0,19
BRDA:15,9,0,2282
BRDA:19,10,0,32
BRDA:21,11,0,6
BRDA:21,12,0,25
BRDA:21,13,0,25
BRDA:24,14,0,16
BRDA:27,15,0,8
BRDA:28,16,0,15
BRDA:28,17,0,1
BRDA:28,18,0,7
BRDA:32,19,0,16
BRDA:33,20,0,0
BRF:21
BRH:20
end_of_record
